<?xml version="1.0" encoding="UTF-8"?>
<robot generator="Robot 5.0.1 (Python 3.8.9 on darwin)" generated="20220811 16:06:42.868" rpa="false" schemaversion="3">
<suite id="s1" name="Passing" source="/Users/nguyenvanbao/Desktop/Ascend_Tech/Github/Study/PythonProject/tests/Passing.robot">
<test id="s1-t1" name="User can search for products" line="11">
<kw name="Begin Web Test">
<arg>http://www.amazon.com</arg>
<arg>chrome</arg>
<kw name="Open Browser" library="SeleniumLibrary">
<arg>${url}</arg>
<arg>${browser}</arg>
<doc>Opens a new browser instance to the optional ``url``.</doc>
<msg timestamp="20220811 16:06:43.027" level="INFO">Opening browser 'chrome' to base url 'http://www.amazon.com'.</msg>
<status status="PASS" starttime="20220811 16:06:43.026" endtime="20220811 16:06:51.491"/>
</kw>
<status status="PASS" starttime="20220811 16:06:43.026" endtime="20220811 16:06:51.492"/>
</kw>
<status status="PASS" starttime="20220811 16:06:43.025" endtime="20220811 16:06:51.493"/>
</test>
<doc>This is some basic info about the whole suite</doc>
<status status="PASS" starttime="20220811 16:06:42.871" endtime="20220811 16:06:51.497"/>
</suite>
<statistics>
<total>
<stat pass="1" fail="0" skip="0">All Tests</stat>
</total>
<tag>
</tag>
<suite>
<stat pass="1" fail="0" skip="0" id="s1" name="Passing">Passing</stat>
</suite>
</statistics>
<errors>
</errors>
</robot>
