<?xml version="1.0" encoding="UTF-8"?>
<robot generator="Robot 5.0.1 (Python 3.8.9 on darwin)" generated="20220811 16:38:12.406" rpa="false" schemaversion="3">
<suite id="s1" name="Passing" source="/Users/nguyenvanbao/Desktop/Ascend_Tech/Github/Study/PythonProject/tests/Passing.robot">
<test id="s1-t1" name="User can search for products" line="11">
<kw name="Set Variable" library="BuiltIn">
<var>${url_and_browser}</var>
<arg>http://www.amazon.com</arg>
<arg>chrome</arg>
<doc>Returns the given values which can then be assigned to a variables.</doc>
<msg timestamp="20220811 16:38:12.564" level="INFO">${url_and_browser} = ['http://www.amazon.com', 'chrome']</msg>
<status status="PASS" starttime="20220811 16:38:12.563" endtime="20220811 16:38:12.564"/>
</kw>
<kw name="Begin Web Test">
<arg>${url_and_browser}</arg>
<kw name="Open Browser" library="SeleniumLibrary">
<arg>@{url_and_browser}[0]</arg>
<arg>@{url_and_browser}[1]</arg>
<doc>Opens a new browser instance to the optional ``url``.</doc>
<msg timestamp="20220811 16:38:12.566" level="FAIL">Value of variable '@{url_and_browser}[0]' is not list or list-like.</msg>
<status status="FAIL" starttime="20220811 16:38:12.565" endtime="20220811 16:38:12.566"/>
</kw>
<kw name="Close Browser" library="SeleniumLibrary">
<doc>Closes the current browser.</doc>
<status status="NOT RUN" starttime="20220811 16:38:12.567" endtime="20220811 16:38:12.567"/>
</kw>
<status status="FAIL" starttime="20220811 16:38:12.564" endtime="20220811 16:38:12.567"/>
</kw>
<status status="FAIL" starttime="20220811 16:38:12.563" endtime="20220811 16:38:12.568">Value of variable '@{url_and_browser}[0]' is not list or list-like.</status>
</test>
<doc>This is some basic info about the whole suite</doc>
<status status="FAIL" starttime="20220811 16:38:12.408" endtime="20220811 16:38:12.568"/>
</suite>
<statistics>
<total>
<stat pass="0" fail="1" skip="0">All Tests</stat>
</total>
<tag>
</tag>
<suite>
<stat pass="0" fail="1" skip="0" id="s1" name="Passing">Passing</stat>
</suite>
</statistics>
<errors>
</errors>
</robot>
