<?xml version="1.0" encoding="UTF-8"?>
<robot generator="Robot 5.0.1 (Python 3.8.9 on darwin)" generated="20220811 14:07:32.043" rpa="false" schemaversion="3">
<suite id="s1" name="Scalar" source="/Users/nguyenvanbao/Desktop/Ascend_Tech/Github/Study/PythonProject/tests/Scalar.robot">
<test id="s1-t1" name="Set a variable in the test case" line="8">
<kw name="Set Variable" library="BuiltIn">
<var>${my_new_variable}</var>
<arg>My new variable</arg>
<doc>Returns the given values which can then be assigned to a variables.</doc>
<msg timestamp="20220811 14:07:32.071" level="INFO">${my_new_variable} = My new variable</msg>
<status status="PASS" starttime="20220811 14:07:32.071" endtime="20220811 14:07:32.071"/>
</kw>
<kw name="Log" library="BuiltIn">
<arg>${my_new_variable}</arg>
<doc>Logs the given message with the given level.</doc>
<msg timestamp="20220811 14:07:32.072" level="INFO">My new variable</msg>
<status status="PASS" starttime="20220811 14:07:32.072" endtime="20220811 14:07:32.072"/>
</kw>
<tag>Current</tag>
<status status="PASS" starttime="20220811 14:07:32.069" endtime="20220811 14:07:32.073"/>
</test>
<doc>This is some basic info about the whole suite</doc>
<status status="PASS" starttime="20220811 14:07:32.046" endtime="20220811 14:07:32.073"/>
</suite>
<statistics>
<total>
<stat pass="1" fail="0" skip="0">All Tests</stat>
</total>
<tag>
<stat pass="1" fail="0" skip="0">Current</stat>
</tag>
<suite>
<stat pass="1" fail="0" skip="0" id="s1" name="Scalar">Scalar</stat>
</suite>
</statistics>
<errors>
</errors>
</robot>
