<?xml version="1.0" encoding="UTF-8"?>
<robot generator="Robot 5.0.1 (Python 3.8.9 on darwin)" generated="20220810 17:07:55.782" rpa="false" schemaversion="3">
<suite id="s1" name="Amazon 2" source="/Users/nguyenvanbao/Desktop/Ascend_Tech/Github/Study/PythonProject/tests/amazon_2.robot">
<test id="s1-t1" name="User must sign in to checkout" line="9">
<kw name="Begin Web Test" library="Common">
<kw name="Open Browser" library="SeleniumLibrary">
<arg>about:blank</arg>
<arg>chrome</arg>
<doc>Opens a new browser instance to the optional ``url``.</doc>
<msg timestamp="20220810 17:07:55.941" level="INFO">Opening browser 'chrome' to base url 'about:blank'.</msg>
<status status="PASS" starttime="20220810 17:07:55.941" endtime="20220810 17:07:58.082"/>
</kw>
<status status="PASS" starttime="20220810 17:07:55.941" endtime="20220810 17:07:58.085"/>
</kw>
<kw name="Search for Products" library="Amazon">
<kw name="Go To" library="SeleniumLibrary">
<arg>http://www.amazon.com</arg>
<doc>Navigates the current browser window to the provided ``url``.</doc>
<msg timestamp="20220810 17:07:58.088" level="INFO">Opening url 'http://www.amazon.com'</msg>
<status status="PASS" starttime="20220810 17:07:58.087" endtime="20220810 17:08:03.413"/>
</kw>
<kw name="Wait Until Page Contains" library="SeleniumLibrary">
<arg>Today's Deals</arg>
<doc>Waits until ``text`` appears on the current page.</doc>
<status status="PASS" starttime="20220810 17:08:03.413" endtime="20220810 17:08:03.457"/>
</kw>
<kw name="Input Text" library="SeleniumLibrary">
<arg>id=twotabsearchtextbox</arg>
<arg>Ferrari 458</arg>
<doc>Types the given ``text`` into the text field identified by ``locator``.</doc>
<msg timestamp="20220810 17:08:03.458" level="INFO">Typing text 'Ferrari 458' into text field 'id=twotabsearchtextbox'.</msg>
<status status="PASS" starttime="20220810 17:08:03.458" endtime="20220810 17:08:03.799"/>
</kw>
<kw name="Click Button" library="SeleniumLibrary">
<arg>xpath=//*[@id="nav-search-submit-button"]</arg>
<doc>Clicks the button identified by ``locator``.</doc>
<msg timestamp="20220810 17:08:03.800" level="INFO">Clicking button 'xpath=//*[@id="nav-search-submit-button"]'.</msg>
<status status="PASS" starttime="20220810 17:08:03.799" endtime="20220810 17:08:08.547"/>
</kw>
<kw name="Wait Until Page Contains" library="SeleniumLibrary">
<arg>results for "Ferrari 458"</arg>
<doc>Waits until ``text`` appears on the current page.</doc>
<status status="PASS" starttime="20220810 17:08:08.547" endtime="20220810 17:08:08.575"/>
</kw>
<status status="PASS" starttime="20220810 17:07:58.086" endtime="20220810 17:08:08.575"/>
</kw>
<kw name="Select Product from Search Results" library="Amazon">
<kw name="Click Link" library="SeleniumLibrary">
<arg>xpath=//*[@id="search"]/div[1]/div[1]/div/span[3]/div[2]/div[2]/div/div/div/div/div[2]/div[1]/h2/a</arg>
<doc>Clicks a link identified by ``locator``.</doc>
<msg timestamp="20220810 17:08:08.576" level="INFO">Clicking link 'xpath=//*[@id="search"]/div[1]/div[1]/div/span[3]/div[2]/div[2]/div/div/div/div/div[2]/div[1]/h2/a'.</msg>
<status status="PASS" starttime="20220810 17:08:08.576" endtime="20220810 17:08:15.972"/>
</kw>
<kw name="Wait Until Page Contains" library="SeleniumLibrary">
<arg>Back to results</arg>
<doc>Waits until ``text`` appears on the current page.</doc>
<status status="PASS" starttime="20220810 17:08:15.972" endtime="20220810 17:08:16.031"/>
</kw>
<status status="PASS" starttime="20220810 17:08:08.575" endtime="20220810 17:08:16.032"/>
</kw>
<kw name="Add Product to Card" library="Amazon">
<kw name="Click Button" library="SeleniumLibrary">
<arg>id=add-to-cart-button</arg>
<doc>Clicks the button identified by ``locator``.</doc>
<msg timestamp="20220810 17:08:16.032" level="INFO">Clicking button 'id=add-to-cart-button'.</msg>
<status status="PASS" starttime="20220810 17:08:16.032" endtime="20220810 17:08:21.207"/>
</kw>
<kw name="Wait Until Page Contains" library="SeleniumLibrary">
<arg>Added to Cart</arg>
<doc>Waits until ``text`` appears on the current page.</doc>
<status status="PASS" starttime="20220810 17:08:21.208" endtime="20220810 17:08:21.230"/>
</kw>
<status status="PASS" starttime="20220810 17:08:16.032" endtime="20220810 17:08:21.230"/>
</kw>
<kw name="Begin Checkout" library="Amazon">
<kw name="Click Button" library="SeleniumLibrary">
<arg>name=proceedToRetailCheckout</arg>
<doc>Clicks the button identified by ``locator``.</doc>
<msg timestamp="20220810 17:08:21.231" level="INFO">Clicking button 'name=proceedToRetailCheckout'.</msg>
<status status="PASS" starttime="20220810 17:08:21.231" endtime="20220810 17:08:23.443"/>
</kw>
<status status="PASS" starttime="20220810 17:08:21.230" endtime="20220810 17:08:23.443"/>
</kw>
<kw name="End Web Test" library="Common">
<kw name="Close Browser" library="SeleniumLibrary">
<doc>Closes the current browser.</doc>
<status status="PASS" starttime="20220810 17:08:23.444" endtime="20220810 17:08:23.757"/>
</kw>
<status status="PASS" starttime="20220810 17:08:23.444" endtime="20220810 17:08:23.758"/>
</kw>
<doc>This is some basic info the test</doc>
<tag>Smoke</tag>
<status status="PASS" starttime="20220810 17:07:55.940" endtime="20220810 17:08:23.758"/>
</test>
<doc>This is some basic info about the whole suite</doc>
<status status="PASS" starttime="20220810 17:07:55.784" endtime="20220810 17:08:23.759"/>
</suite>
<statistics>
<total>
<stat pass="1" fail="0" skip="0">All Tests</stat>
</total>
<tag>
<stat pass="1" fail="0" skip="0">Smoke</stat>
</tag>
<suite>
<stat pass="1" fail="0" skip="0" id="s1" name="Amazon 2">Amazon 2</stat>
</suite>
</statistics>
<errors>
</errors>
</robot>
