<?xml version="1.0" encoding="UTF-8"?>
<robot generator="Robot 5.0.1 (Python 3.8.9 on darwin)" generated="20220811 10:44:39.614" rpa="false" schemaversion="3">
<suite id="s1" name="Amazon 2" source="/Users/nguyenvanbao/Desktop/Ascend_Tech/Github/Study/PythonProject/tests/amazon_2.robot">
<kw name="Insert Testing Data" library="Common" type="SETUP">
<kw name="Custom Keyword 1" library="Common">
<kw name="Log" library="BuiltIn">
<arg>Doing keyword 1</arg>
<doc>Logs the given message with the given level.</doc>
<msg timestamp="20220811 10:44:39.775" level="INFO">Doing keyword 1</msg>
<status status="PASS" starttime="20220811 10:44:39.775" endtime="20220811 10:44:39.775"/>
</kw>
<status status="PASS" starttime="20220811 10:44:39.774" endtime="20220811 10:44:39.775"/>
</kw>
<kw name="Custom Keyword 2" library="Common">
<kw name="Log" library="BuiltIn">
<arg>Doing keyword 2</arg>
<doc>Logs the given message with the given level.</doc>
<msg timestamp="20220811 10:44:39.775" level="INFO">Doing keyword 2</msg>
<status status="PASS" starttime="20220811 10:44:39.775" endtime="20220811 10:44:39.775"/>
</kw>
<status status="PASS" starttime="20220811 10:44:39.775" endtime="20220811 10:44:39.775"/>
</kw>
<status status="PASS" starttime="20220811 10:44:39.774" endtime="20220811 10:44:39.776"/>
</kw>
<test id="s1-t1" name="User can search for products" line="19">
<kw name="Begin Web Test" library="Common" type="SETUP">
<kw name="Open Browser" library="SeleniumLibrary">
<arg>about:blank</arg>
<arg>chrome</arg>
<doc>Opens a new browser instance to the optional ``url``.</doc>
<msg timestamp="20220811 10:44:39.778" level="INFO">Opening browser 'chrome' to base url 'about:blank'.</msg>
<status status="PASS" starttime="20220811 10:44:39.777" endtime="20220811 10:44:41.892"/>
</kw>
<status status="PASS" starttime="20220811 10:44:39.777" endtime="20220811 10:44:41.893"/>
</kw>
<kw name="Search for Products" library="Amazon">
<kw name="Load" library="LandingPage">
<kw name="Go To" library="SeleniumLibrary">
<arg>http://www.amazon.com</arg>
<doc>Navigates the current browser window to the provided ``url``.</doc>
<msg timestamp="20220811 10:44:41.895" level="INFO">Opening url 'http://www.amazon.com'</msg>
<status status="PASS" starttime="20220811 10:44:41.895" endtime="20220811 10:44:44.470"/>
</kw>
<status status="PASS" starttime="20220811 10:44:41.895" endtime="20220811 10:44:44.470"/>
</kw>
<kw name="Verify Page Loaded" library="LandingPage">
<kw name="Wait Until Page Contains" library="SeleniumLibrary">
<arg>Today's Deals</arg>
<doc>Waits until ``text`` appears on the current page.</doc>
<status status="PASS" starttime="20220811 10:44:44.471" endtime="20220811 10:44:44.528"/>
</kw>
<status status="PASS" starttime="20220811 10:44:44.470" endtime="20220811 10:44:44.529"/>
</kw>
<kw name="Input Text" library="SeleniumLibrary">
<arg>id=twotabsearchtextbox</arg>
<arg>Ferrari 458</arg>
<doc>Types the given ``text`` into the text field identified by ``locator``.</doc>
<msg timestamp="20220811 10:44:44.529" level="INFO">Typing text 'Ferrari 458' into text field 'id=twotabsearchtextbox'.</msg>
<status status="PASS" starttime="20220811 10:44:44.529" endtime="20220811 10:44:44.838"/>
</kw>
<kw name="Click Button" library="SeleniumLibrary">
<arg>xpath=//*[@id="nav-search-submit-button"]</arg>
<doc>Clicks the button identified by ``locator``.</doc>
<msg timestamp="20220811 10:44:44.839" level="INFO">Clicking button 'xpath=//*[@id="nav-search-submit-button"]'.</msg>
<status status="PASS" starttime="20220811 10:44:44.838" endtime="20220811 10:44:49.228"/>
</kw>
<kw name="Wait Until Page Contains" library="SeleniumLibrary">
<arg>results for "Ferrari 458"</arg>
<doc>Waits until ``text`` appears on the current page.</doc>
<status status="PASS" starttime="20220811 10:44:49.229" endtime="20220811 10:44:49.251"/>
</kw>
<status status="PASS" starttime="20220811 10:44:41.894" endtime="20220811 10:44:49.252"/>
</kw>
<kw name="End Web Test" library="Common" type="TEARDOWN">
<kw name="Close Browser" library="SeleniumLibrary">
<doc>Closes the current browser.</doc>
<status status="PASS" starttime="20220811 10:44:49.252" endtime="20220811 10:44:49.462"/>
</kw>
<status status="PASS" starttime="20220811 10:44:49.252" endtime="20220811 10:44:49.462"/>
</kw>
<doc>This is some basic info the test</doc>
<tag>Smoke</tag>
<status status="PASS" starttime="20220811 10:44:39.776" endtime="20220811 10:44:49.462"/>
</test>
<test id="s1-t2" name="User must sign in to checkout" line="24">
<kw name="Begin Web Test" library="Common" type="SETUP">
<kw name="Open Browser" library="SeleniumLibrary">
<arg>about:blank</arg>
<arg>chrome</arg>
<doc>Opens a new browser instance to the optional ``url``.</doc>
<msg timestamp="20220811 10:44:49.465" level="INFO">Opening browser 'chrome' to base url 'about:blank'.</msg>
<status status="PASS" starttime="20220811 10:44:49.465" endtime="20220811 10:44:51.375"/>
</kw>
<status status="PASS" starttime="20220811 10:44:49.464" endtime="20220811 10:44:51.376"/>
</kw>
<kw name="Search for Products" library="Amazon">
<kw name="Load" library="LandingPage">
<kw name="Go To" library="SeleniumLibrary">
<arg>http://www.amazon.com</arg>
<doc>Navigates the current browser window to the provided ``url``.</doc>
<msg timestamp="20220811 10:44:51.378" level="INFO">Opening url 'http://www.amazon.com'</msg>
<status status="PASS" starttime="20220811 10:44:51.378" endtime="20220811 10:44:54.088"/>
</kw>
<status status="PASS" starttime="20220811 10:44:51.377" endtime="20220811 10:44:54.088"/>
</kw>
<kw name="Verify Page Loaded" library="LandingPage">
<kw name="Wait Until Page Contains" library="SeleniumLibrary">
<arg>Today's Deals</arg>
<doc>Waits until ``text`` appears on the current page.</doc>
<status status="PASS" starttime="20220811 10:44:54.090" endtime="20220811 10:44:54.166"/>
</kw>
<status status="PASS" starttime="20220811 10:44:54.089" endtime="20220811 10:44:54.166"/>
</kw>
<kw name="Input Text" library="SeleniumLibrary">
<arg>id=twotabsearchtextbox</arg>
<arg>Ferrari 458</arg>
<doc>Types the given ``text`` into the text field identified by ``locator``.</doc>
<msg timestamp="20220811 10:44:54.167" level="INFO">Typing text 'Ferrari 458' into text field 'id=twotabsearchtextbox'.</msg>
<status status="PASS" starttime="20220811 10:44:54.166" endtime="20220811 10:44:54.445"/>
</kw>
<kw name="Click Button" library="SeleniumLibrary">
<arg>xpath=//*[@id="nav-search-submit-button"]</arg>
<doc>Clicks the button identified by ``locator``.</doc>
<msg timestamp="20220811 10:44:54.446" level="INFO">Clicking button 'xpath=//*[@id="nav-search-submit-button"]'.</msg>
<status status="PASS" starttime="20220811 10:44:54.446" endtime="20220811 10:44:58.584"/>
</kw>
<kw name="Wait Until Page Contains" library="SeleniumLibrary">
<arg>results for "Ferrari 458"</arg>
<doc>Waits until ``text`` appears on the current page.</doc>
<status status="PASS" starttime="20220811 10:44:58.584" endtime="20220811 10:44:58.607"/>
</kw>
<status status="PASS" starttime="20220811 10:44:51.376" endtime="20220811 10:44:58.607"/>
</kw>
<kw name="Select Product from Search Results" library="Amazon">
<kw name="Click Link" library="SeleniumLibrary">
<arg>xpath=//*[@id="search"]/div[1]/div[1]/div/span[3]/div[2]/div[2]/div/div/div/div/div[2]/div[1]/h2/a</arg>
<doc>Clicks a link identified by ``locator``.</doc>
<msg timestamp="20220811 10:44:58.608" level="INFO">Clicking link 'xpath=//*[@id="search"]/div[1]/div[1]/div/span[3]/div[2]/div[2]/div/div/div/div/div[2]/div[1]/h2/a'.</msg>
<status status="PASS" starttime="20220811 10:44:58.607" endtime="20220811 10:45:02.837"/>
</kw>
<kw name="Wait Until Page Contains" library="SeleniumLibrary">
<arg>Back to results</arg>
<doc>Waits until ``text`` appears on the current page.</doc>
<status status="PASS" starttime="20220811 10:45:02.837" endtime="20220811 10:45:02.883"/>
</kw>
<status status="PASS" starttime="20220811 10:44:58.607" endtime="20220811 10:45:02.883"/>
</kw>
<kw name="Add Product to Card" library="Amazon">
<kw name="Click Button" library="SeleniumLibrary">
<arg>id=add-to-cart-button</arg>
<doc>Clicks the button identified by ``locator``.</doc>
<msg timestamp="20220811 10:45:02.884" level="INFO">Clicking button 'id=add-to-cart-button'.</msg>
<status status="PASS" starttime="20220811 10:45:02.883" endtime="20220811 10:45:07.549"/>
</kw>
<kw name="Wait Until Page Contains" library="SeleniumLibrary">
<arg>Added to Cart</arg>
<doc>Waits until ``text`` appears on the current page.</doc>
<status status="PASS" starttime="20220811 10:45:07.549" endtime="20220811 10:45:07.572"/>
</kw>
<status status="PASS" starttime="20220811 10:45:02.883" endtime="20220811 10:45:07.572"/>
</kw>
<kw name="Begin Checkout" library="Amazon">
<kw name="Click Button" library="SeleniumLibrary">
<arg>name=proceedToRetailCheckout</arg>
<doc>Clicks the button identified by ``locator``.</doc>
<msg timestamp="20220811 10:45:07.573" level="INFO">Clicking button 'name=proceedToRetailCheckout'.</msg>
<status status="PASS" starttime="20220811 10:45:07.573" endtime="20220811 10:45:09.857"/>
</kw>
<status status="PASS" starttime="20220811 10:45:07.572" endtime="20220811 10:45:09.858"/>
</kw>
<kw name="End Web Test" library="Common" type="TEARDOWN">
<kw name="Close Browser" library="SeleniumLibrary">
<doc>Closes the current browser.</doc>
<status status="PASS" starttime="20220811 10:45:09.858" endtime="20220811 10:45:10.175"/>
</kw>
<status status="PASS" starttime="20220811 10:45:09.858" endtime="20220811 10:45:10.176"/>
</kw>
<doc>This is some basic info the test</doc>
<tag>Smoke</tag>
<status status="PASS" starttime="20220811 10:44:49.463" endtime="20220811 10:45:10.176"/>
</test>
<kw name="Cleanup Testing Data" library="Common" type="TEARDOWN">
<kw name="Log" library="BuiltIn">
<arg>I am cleaning up the test data...</arg>
<doc>Logs the given message with the given level.</doc>
<msg timestamp="20220811 10:45:10.178" level="INFO">I am cleaning up the test data...</msg>
<status status="PASS" starttime="20220811 10:45:10.178" endtime="20220811 10:45:10.178"/>
</kw>
<status status="PASS" starttime="20220811 10:45:10.177" endtime="20220811 10:45:10.178"/>
</kw>
<doc>This is some basic info about the whole suite</doc>
<status status="PASS" starttime="20220811 10:44:39.616" endtime="20220811 10:45:10.178"/>
</suite>
<statistics>
<total>
<stat pass="2" fail="0" skip="0">All Tests</stat>
</total>
<tag>
<stat pass="2" fail="0" skip="0">Smoke</stat>
</tag>
<suite>
<stat pass="2" fail="0" skip="0" id="s1" name="Amazon 2">Amazon 2</stat>
</suite>
</statistics>
<errors>
</errors>
</robot>
