<?xml version="1.0" encoding="UTF-8"?>
<robot generator="Robot 5.0.1 (Python 3.8.9 on darwin)" generated="20220810 14:58:11.816" rpa="false" schemaversion="3">
<suite id="s1" name="Demo" source="/Users/nguyenvanbao/Desktop/Ascend_Tech/Github/Study/PythonProject/tests/demo.robot">
<test id="s1-t1" name="Test case 1" line="6">
<kw name="Do Something">
<kw name="Log" library="BuiltIn">
<arg>I am doing something...</arg>
<doc>Logs the given message with the given level.</doc>
<msg timestamp="20220810 14:58:11.840" level="INFO">I am doing something...</msg>
<status status="PASS" starttime="20220810 14:58:11.840" endtime="20220810 14:58:11.840"/>
</kw>
<status status="PASS" starttime="20220810 14:58:11.840" endtime="20220810 14:58:11.840"/>
</kw>
<kw name="Do Something Else">
<kw name="Log" library="BuiltIn">
<arg>I am doing something else...</arg>
<doc>Logs the given message with the given level.</doc>
<msg timestamp="20220810 14:58:11.841" level="INFO">I am doing something else...</msg>
<status status="PASS" starttime="20220810 14:58:11.840" endtime="20220810 14:58:11.841"/>
</kw>
<status status="PASS" starttime="20220810 14:58:11.840" endtime="20220810 14:58:11.841"/>
</kw>
<status status="PASS" starttime="20220810 14:58:11.838" endtime="20220810 14:58:11.841"/>
</test>
<test id="s1-t2" name="Test case 2" line="10">
<kw name="Do Another Thing">
<kw name="Log" library="BuiltIn">
<arg>I am doing another something...</arg>
<doc>Logs the given message with the given level.</doc>
<msg timestamp="20220810 14:58:11.842" level="INFO">I am doing another something...</msg>
<status status="PASS" starttime="20220810 14:58:11.842" endtime="20220810 14:58:11.842"/>
</kw>
<status status="PASS" starttime="20220810 14:58:11.842" endtime="20220810 14:58:11.842"/>
</kw>
<kw name="Do Something Else">
<kw name="Log" library="BuiltIn">
<arg>I am doing something else...</arg>
<doc>Logs the given message with the given level.</doc>
<msg timestamp="20220810 14:58:11.843" level="INFO">I am doing something else...</msg>
<status status="PASS" starttime="20220810 14:58:11.842" endtime="20220810 14:58:11.843"/>
</kw>
<status status="PASS" starttime="20220810 14:58:11.842" endtime="20220810 14:58:11.843"/>
</kw>
<status status="PASS" starttime="20220810 14:58:11.841" endtime="20220810 14:58:11.843"/>
</test>
<status status="PASS" starttime="20220810 14:58:11.819" endtime="20220810 14:58:11.843"/>
</suite>
<statistics>
<total>
<stat pass="2" fail="0" skip="0">All Tests</stat>
</total>
<tag>
</tag>
<suite>
<stat pass="2" fail="0" skip="0" id="s1" name="Demo">Demo</stat>
</suite>
</statistics>
<errors>
</errors>
</robot>
